<?xml version="1.0" encoding="UTF-8"?>
<coverage generated="1629871818211" clover="3.2.0">
  <project timestamp="1629871818212" name="All files">
    <metrics statements="38" coveredstatements="36" conditionals="24" coveredconditionals="21" methods="10" coveredmethods="10" elements="72" coveredelements="67" complexity="0" loc="38" ncloc="38" packages="2" files="8" classes="8"/>
    <package name="testaustoteutus">
      <metrics statements="34" coveredstatements="33" conditionals="22" coveredconditionals="20" methods="9" coveredmethods="9"/>
      <file name="BankAccount.js" path="C:\Users\Aleksi\Desktop\inde\Krugou.github.io\testaustoteutus\BankAccount.js">
        <metrics statements="4" coveredstatements="3" conditionals="2" coveredconditionals="1" methods="1" coveredmethods="1"/>
        <line num="2" count="1" type="cond" truecount="1" falsecount="1"/>
        <line num="3" count="1" type="stmt"/>
        <line num="6" count="0" type="stmt"/>
        <line num="10" count="1" type="stmt"/>
      </file>
      <file name="drinkAll.js" path="C:\Users\Aleksi\Desktop\inde\Krugou.github.io\testaustoteutus\drinkAll.js">
        <metrics statements="3" coveredstatements="3" conditionals="2" coveredconditionals="1" methods="1" coveredmethods="1"/>
        <line num="2" count="1" type="cond" truecount="1" falsecount="1"/>
        <line num="3" count="1" type="stmt"/>
        <line num="6" count="1" type="stmt"/>
      </file>
      <file name="math.js" path="C:\Users\Aleksi\Desktop\inde\Krugou.github.io\testaustoteutus\math.js">
        <metrics statements="2" coveredstatements="2" conditionals="0" coveredconditionals="0" methods="1" coveredmethods="1"/>
        <line num="1" count="1" type="stmt"/>
        <line num="5" count="2" type="stmt"/>
      </file>
      <file name="totuusarvot.js" path="C:\Users\Aleksi\Desktop\inde\Krugou.github.io\testaustoteutus\totuusarvot.js">
        <metrics statements="9" coveredstatements="9" conditionals="4" coveredconditionals="4" methods="2" coveredmethods="2"/>
        <line num="2" count="2" type="stmt"/>
        <line num="3" count="2" type="cond" truecount="2" falsecount="0"/>
        <line num="4" count="1" type="stmt"/>
        <line num="7" count="1" type="stmt"/>
        <line num="11" count="2" type="stmt"/>
        <line num="12" count="2" type="cond" truecount="2" falsecount="0"/>
        <line num="13" count="1" type="stmt"/>
        <line num="16" count="1" type="stmt"/>
        <line num="19" count="1" type="stmt"/>
      </file>
      <file name="triangle.js" path="C:\Users\Aleksi\Desktop\inde\Krugou.github.io\testaustoteutus\triangle.js">
        <metrics statements="12" coveredstatements="12" conditionals="14" coveredconditionals="14" methods="2" coveredmethods="2"/>
        <line num="2" count="5" type="stmt"/>
        <line num="3" count="5" type="stmt"/>
        <line num="4" count="5" type="stmt"/>
        <line num="6" count="1" type="stmt"/>
        <line num="7" count="4" type="cond" truecount="5" falsecount="0"/>
        <line num="9" count="1" type="stmt"/>
        <line num="11" count="3" type="cond" truecount="5" falsecount="0"/>
        <line num="12" count="1" type="stmt"/>
        <line num="14" count="2" type="cond" truecount="4" falsecount="0"/>
        <line num="15" count="1" type="stmt"/>
        <line num="18" count="1" type="stmt"/>
        <line num="21" count="1" type="stmt"/>
      </file>
      <file name="uppercase.js" path="C:\Users\Aleksi\Desktop\inde\Krugou.github.io\testaustoteutus\uppercase.js">
        <metrics statements="2" coveredstatements="2" conditionals="0" coveredconditionals="0" methods="1" coveredmethods="1"/>
        <line num="2" count="1" type="stmt"/>
        <line num="4" count="1" type="stmt"/>
      </file>
      <file name="util.js" path="C:\Users\Aleksi\Desktop\inde\Krugou.github.io\testaustoteutus\util.js">
        <metrics statements="2" coveredstatements="2" conditionals="0" coveredconditionals="0" methods="1" coveredmethods="1"/>
        <line num="3" count="1" type="stmt"/>
        <line num="7" count="1" type="stmt"/>
      </file>
    </package>
    <package name="testaustoteutus.assert">
      <metrics statements="4" coveredstatements="3" conditionals="2" coveredconditionals="1" methods="1" coveredmethods="1"/>
      <file name="assertointi.js" path="C:\Users\Aleksi\Desktop\inde\Krugou.github.io\testaustoteutus\assert\assertointi.js">
        <metrics statements="4" coveredstatements="3" conditionals="2" coveredconditionals="1" methods="1" coveredmethods="1"/>
        <line num="2" count="2" type="cond" truecount="1" falsecount="1"/>
        <line num="3" count="0" type="stmt"/>
        <line num="6" count="2" type="stmt"/>
        <line num="9" count="1" type="stmt"/>
      </file>
    </package>
  </project>
</coverage>
