{
  "C:\\Users\\Aleksi\\Desktop\\inde\\Krugou.github.io\\testaustoteutus\\BankAccount.js": {
    "path": "C:\\Users\\Aleksi\\Desktop\\inde\\Krugou.github.io\\testaustoteutus\\BankAccount.js",
    "statementMap": {
      "0": {
        "start": {
          "line": 2,
          "column": 4
        },
        "end": {
          "line": 7,
          "column": 5
        }
      },
      "1": {
        "start": {
          "line": 3,
          "column": 8
        },
        "end": {
          "line": 3,
          "column": 19
        }
      },
      "2": {
        "start": {
          "line": 6,
          "column": 8
        },
        "end": {
          "line": 6,
          "column": 17
        }
      },
      "3": {
        "start": {
          "line": 10,
          "column": 0
        },
        "end": {
          "line": 10,
          "column": 32
        }
      }
    },
    "fnMap": {
      "0": {
        "name": "getBalance",
        "decl": {
          "start": {
            "line": 1,
            "column": 9
          },
          "end": {
            "line": 1,
            "column": 19
          }
        },
        "loc": {
          "start": {
            "line": 1,
            "column": 25
          },
          "end": {
            "line": 9,
            "column": 1
          }
        },
        "line": 1
      }
    },
    "branchMap": {
      "0": {
        "loc": {
          "start": {
            "line": 2,
            "column": 4
          },
          "end": {
            "line": 7,
            "column": 5
          }
        },
        "type": "if",
        "locations": [
          {
            "start": {
              "line": 2,
              "column": 4
            },
            "end": {
              "line": 7,
              "column": 5
            }
          },
          {
            "start": {
              "line": 2,
              "column": 4
            },
            "end": {
              "line": 7,
              "column": 5
            }
          }
        ],
        "line": 2
      }
    },
    "s": {
      "0": 1,
      "1": 1,
      "2": 0,
      "3": 1
    },
    "f": {
      "0": 1
    },
    "b": {
      "0": [
        1,
        0
      ]
    },
    "_coverageSchema": "1a1c01bbd47fc00a2c39e90264f33305004495a9",
    "hash": "b74bf1ace1c3a475d23f7f1d038b97e6ac997aa4"
  },
  "C:\\Users\\Aleksi\\Desktop\\inde\\Krugou.github.io\\testaustoteutus\\drinkAll.js": {
    "path": "C:\\Users\\Aleksi\\Desktop\\inde\\Krugou.github.io\\testaustoteutus\\drinkAll.js",
    "statementMap": {
      "0": {
        "start": {
          "line": 2,
          "column": 4
        },
        "end": {
          "line": 4,
          "column": 5
        }
      },
      "1": {
        "start": {
          "line": 3,
          "column": 8
        },
        "end": {
          "line": 3,
          "column": 26
        }
      },
      "2": {
        "start": {
          "line": 6,
          "column": 0
        },
        "end": {
          "line": 6,
          "column": 29
        }
      }
    },
    "fnMap": {
      "0": {
        "name": "drinkAll",
        "decl": {
          "start": {
            "line": 1,
            "column": 9
          },
          "end": {
            "line": 1,
            "column": 17
          }
        },
        "loc": {
          "start": {
            "line": 1,
            "column": 37
          },
          "end": {
            "line": 5,
            "column": 1
          }
        },
        "line": 1
      }
    },
    "branchMap": {
      "0": {
        "loc": {
          "start": {
            "line": 2,
            "column": 4
          },
          "end": {
            "line": 4,
            "column": 5
          }
        },
        "type": "if",
        "locations": [
          {
            "start": {
              "line": 2,
              "column": 4
            },
            "end": {
              "line": 4,
              "column": 5
            }
          },
          {
            "start": {
              "line": 2,
              "column": 4
            },
            "end": {
              "line": 4,
              "column": 5
            }
          }
        ],
        "line": 2
      }
    },
    "s": {
      "0": 1,
      "1": 1,
      "2": 1
    },
    "f": {
      "0": 1
    },
    "b": {
      "0": [
        1,
        0
      ]
    },
    "_coverageSchema": "1a1c01bbd47fc00a2c39e90264f33305004495a9",
    "hash": "a80caa602f263541efc3854155afa5cdf6334843"
  },
  "C:\\Users\\Aleksi\\Desktop\\inde\\Krugou.github.io\\testaustoteutus\\math.js": {
    "path": "C:\\Users\\Aleksi\\Desktop\\inde\\Krugou.github.io\\testaustoteutus\\math.js",
    "statementMap": {
      "0": {
        "start": {
          "line": 1,
          "column": 0
        },
        "end": {
          "line": 9,
          "column": 4
        }
      },
      "1": {
        "start": {
          "line": 5,
          "column": 6
        },
        "end": {
          "line": 5,
          "column": 19
        }
      }
    },
    "fnMap": {
      "0": {
        "name": "(anonymous_0)",
        "decl": {
          "start": {
            "line": 3,
            "column": 4
          },
          "end": {
            "line": 3,
            "column": 5
          }
        },
        "loc": {
          "start": {
            "line": 3,
            "column": 14
          },
          "end": {
            "line": 7,
            "column": 5
          }
        },
        "line": 3
      }
    },
    "branchMap": {},
    "s": {
      "0": 1,
      "1": 2
    },
    "f": {
      "0": 2
    },
    "b": {},
    "_coverageSchema": "1a1c01bbd47fc00a2c39e90264f33305004495a9",
    "hash": "4c3a90ac6c12a0b37f597226bcdb1fe6f639a5cf"
  },
  "C:\\Users\\Aleksi\\Desktop\\inde\\Krugou.github.io\\testaustoteutus\\totuusarvot.js": {
    "path": "C:\\Users\\Aleksi\\Desktop\\inde\\Krugou.github.io\\testaustoteutus\\totuusarvot.js",
    "statementMap": {
      "0": {
        "start": {
          "line": 2,
          "column": 4
        },
        "end": {
          "line": 2,
          "column": 14
        }
      },
      "1": {
        "start": {
          "line": 3,
          "column": 4
        },
        "end": {
          "line": 8,
          "column": 5
        }
      },
      "2": {
        "start": {
          "line": 4,
          "column": 8
        },
        "end": {
          "line": 4,
          "column": 17
        }
      },
      "3": {
        "start": {
          "line": 7,
          "column": 8
        },
        "end": {
          "line": 7,
          "column": 17
        }
      },
      "4": {
        "start": {
          "line": 11,
          "column": 4
        },
        "end": {
          "line": 11,
          "column": 14
        }
      },
      "5": {
        "start": {
          "line": 12,
          "column": 4
        },
        "end": {
          "line": 17,
          "column": 5
        }
      },
      "6": {
        "start": {
          "line": 13,
          "column": 8
        },
        "end": {
          "line": 13,
          "column": 17
        }
      },
      "7": {
        "start": {
          "line": 16,
          "column": 8
        },
        "end": {
          "line": 16,
          "column": 17
        }
      },
      "8": {
        "start": {
          "line": 19,
          "column": 0
        },
        "end": {
          "line": 19,
          "column": 34
        }
      }
    },
    "fnMap": {
      "0": {
        "name": "isEven",
        "decl": {
          "start": {
            "line": 1,
            "column": 9
          },
          "end": {
            "line": 1,
            "column": 15
          }
        },
        "loc": {
          "start": {
            "line": 1,
            "column": 19
          },
          "end": {
            "line": 9,
            "column": 1
          }
        },
        "line": 1
      },
      "1": {
        "name": "isOdd",
        "decl": {
          "start": {
            "line": 10,
            "column": 9
          },
          "end": {
            "line": 10,
            "column": 14
          }
        },
        "loc": {
          "start": {
            "line": 10,
            "column": 18
          },
          "end": {
            "line": 18,
            "column": 1
          }
        },
        "line": 10
      }
    },
    "branchMap": {
      "0": {
        "loc": {
          "start": {
            "line": 3,
            "column": 4
          },
          "end": {
            "line": 8,
            "column": 5
          }
        },
        "type": "if",
        "locations": [
          {
            "start": {
              "line": 3,
              "column": 4
            },
            "end": {
              "line": 8,
              "column": 5
            }
          },
          {
            "start": {
              "line": 3,
              "column": 4
            },
            "end": {
              "line": 8,
              "column": 5
            }
          }
        ],
        "line": 3
      },
      "1": {
        "loc": {
          "start": {
            "line": 12,
            "column": 4
          },
          "end": {
            "line": 17,
            "column": 5
          }
        },
        "type": "if",
        "locations": [
          {
            "start": {
              "line": 12,
              "column": 4
            },
            "end": {
              "line": 17,
              "column": 5
            }
          },
          {
            "start": {
              "line": 12,
              "column": 4
            },
            "end": {
              "line": 17,
              "column": 5
            }
          }
        ],
        "line": 12
      }
    },
    "s": {
      "0": 2,
      "1": 2,
      "2": 1,
      "3": 1,
      "4": 2,
      "5": 2,
      "6": 1,
      "7": 1,
      "8": 1
    },
    "f": {
      "0": 2,
      "1": 2
    },
    "b": {
      "0": [
        1,
        1
      ],
      "1": [
        1,
        1
      ]
    },
    "_coverageSchema": "1a1c01bbd47fc00a2c39e90264f33305004495a9",
    "hash": "a9f0cafffb08970eceba84a6da87477f788076cf"
  },
  "C:\\Users\\Aleksi\\Desktop\\inde\\Krugou.github.io\\testaustoteutus\\triangle.js": {
    "path": "C:\\Users\\Aleksi\\Desktop\\inde\\Krugou.github.io\\testaustoteutus\\triangle.js",
    "statementMap": {
      "0": {
        "start": {
          "line": 2,
          "column": 4
        },
        "end": {
          "line": 2,
          "column": 21
        }
      },
      "1": {
        "start": {
          "line": 3,
          "column": 4
        },
        "end": {
          "line": 3,
          "column": 21
        }
      },
      "2": {
        "start": {
          "line": 4,
          "column": 4
        },
        "end": {
          "line": 4,
          "column": 21
        }
      },
      "3": {
        "start": {
          "line": 6,
          "column": 0
        },
        "end": {
          "line": 20,
          "column": 3
        }
      },
      "4": {
        "start": {
          "line": 7,
          "column": 4
        },
        "end": {
          "line": 19,
          "column": 5
        }
      },
      "5": {
        "start": {
          "line": 9,
          "column": 8
        },
        "end": {
          "line": 9,
          "column": 31
        }
      },
      "6": {
        "start": {
          "line": 11,
          "column": 9
        },
        "end": {
          "line": 19,
          "column": 5
        }
      },
      "7": {
        "start": {
          "line": 12,
          "column": 8
        },
        "end": {
          "line": 12,
          "column": 39
        }
      },
      "8": {
        "start": {
          "line": 14,
          "column": 9
        },
        "end": {
          "line": 19,
          "column": 5
        }
      },
      "9": {
        "start": {
          "line": 15,
          "column": 8
        },
        "end": {
          "line": 15,
          "column": 36
        }
      },
      "10": {
        "start": {
          "line": 18,
          "column": 8
        },
        "end": {
          "line": 18,
          "column": 36
        }
      },
      "11": {
        "start": {
          "line": 21,
          "column": 0
        },
        "end": {
          "line": 21,
          "column": 29
        }
      }
    },
    "fnMap": {
      "0": {
        "name": "Triangle",
        "decl": {
          "start": {
            "line": 1,
            "column": 9
          },
          "end": {
            "line": 1,
            "column": 17
          }
        },
        "loc": {
          "start": {
            "line": 1,
            "column": 38
          },
          "end": {
            "line": 5,
            "column": 1
          }
        },
        "line": 1
      },
      "1": {
        "name": "(anonymous_1)",
        "decl": {
          "start": {
            "line": 6,
            "column": 31
          },
          "end": {
            "line": 6,
            "column": 32
          }
        },
        "loc": {
          "start": {
            "line": 6,
            "column": 42
          },
          "end": {
            "line": 20,
            "column": 2
          }
        },
        "line": 6
      }
    },
    "branchMap": {
      "0": {
        "loc": {
          "start": {
            "line": 7,
            "column": 4
          },
          "end": {
            "line": 19,
            "column": 5
          }
        },
        "type": "if",
        "locations": [
          {
            "start": {
              "line": 7,
              "column": 4
            },
            "end": {
              "line": 19,
              "column": 5
            }
          },
          {
            "start": {
              "line": 7,
              "column": 4
            },
            "end": {
              "line": 19,
              "column": 5
            }
          }
        ],
        "line": 7
      },
      "1": {
        "loc": {
          "start": {
            "line": 7,
            "column": 7
          },
          "end": {
            "line": 8,
            "column": 44
          }
        },
        "type": "binary-expr",
        "locations": [
          {
            "start": {
              "line": 7,
              "column": 8
            },
            "end": {
              "line": 7,
              "column": 46
            }
          },
          {
            "start": {
              "line": 7,
              "column": 52
            },
            "end": {
              "line": 7,
              "column": 90
            }
          },
          {
            "start": {
              "line": 8,
              "column": 5
            },
            "end": {
              "line": 8,
              "column": 43
            }
          }
        ],
        "line": 7
      },
      "2": {
        "loc": {
          "start": {
            "line": 11,
            "column": 9
          },
          "end": {
            "line": 19,
            "column": 5
          }
        },
        "type": "if",
        "locations": [
          {
            "start": {
              "line": 11,
              "column": 9
            },
            "end": {
              "line": 19,
              "column": 5
            }
          },
          {
            "start": {
              "line": 11,
              "column": 9
            },
            "end": {
              "line": 19,
              "column": 5
            }
          }
        ],
        "line": 11
      },
      "3": {
        "loc": {
          "start": {
            "line": 11,
            "column": 13
          },
          "end": {
            "line": 11,
            "column": 101
          }
        },
        "type": "binary-expr",
        "locations": [
          {
            "start": {
              "line": 11,
              "column": 14
            },
            "end": {
              "line": 11,
              "column": 39
            }
          },
          {
            "start": {
              "line": 11,
              "column": 44
            },
            "end": {
              "line": 11,
              "column": 69
            }
          },
          {
            "start": {
              "line": 11,
              "column": 75
            },
            "end": {
              "line": 11,
              "column": 100
            }
          }
        ],
        "line": 11
      },
      "4": {
        "loc": {
          "start": {
            "line": 14,
            "column": 9
          },
          "end": {
            "line": 19,
            "column": 5
          }
        },
        "type": "if",
        "locations": [
          {
            "start": {
              "line": 14,
              "column": 9
            },
            "end": {
              "line": 19,
              "column": 5
            }
          },
          {
            "start": {
              "line": 14,
              "column": 9
            },
            "end": {
              "line": 19,
              "column": 5
            }
          }
        ],
        "line": 14
      },
      "5": {
        "loc": {
          "start": {
            "line": 14,
            "column": 13
          },
          "end": {
            "line": 14,
            "column": 71
          }
        },
        "type": "binary-expr",
        "locations": [
          {
            "start": {
              "line": 14,
              "column": 14
            },
            "end": {
              "line": 14,
              "column": 39
            }
          },
          {
            "start": {
              "line": 14,
              "column": 45
            },
            "end": {
              "line": 14,
              "column": 70
            }
          }
        ],
        "line": 14
      }
    },
    "s": {
      "0": 5,
      "1": 5,
      "2": 5,
      "3": 1,
      "4": 4,
      "5": 1,
      "6": 3,
      "7": 1,
      "8": 2,
      "9": 1,
      "10": 1,
      "11": 1
    },
    "f": {
      "0": 5,
      "1": 4
    },
    "b": {
      "0": [
        1,
        3
      ],
      "1": [
        4,
        4,
        4
      ],
      "2": [
        1,
        2
      ],
      "3": [
        3,
        1,
        1
      ],
      "4": [
        1,
        1
      ],
      "5": [
        2,
        2
      ]
    },
    "_coverageSchema": "1a1c01bbd47fc00a2c39e90264f33305004495a9",
    "hash": "439699e09d1880de3192035fa76133591f8ab4af"
  },
  "C:\\Users\\Aleksi\\Desktop\\inde\\Krugou.github.io\\testaustoteutus\\uppercase.js": {
    "path": "C:\\Users\\Aleksi\\Desktop\\inde\\Krugou.github.io\\testaustoteutus\\uppercase.js",
    "statementMap": {
      "0": {
        "start": {
          "line": 2,
          "column": 4
        },
        "end": {
          "line": 2,
          "column": 31
        }
      },
      "1": {
        "start": {
          "line": 4,
          "column": 0
        },
        "end": {
          "line": 4,
          "column": 28
        }
      }
    },
    "fnMap": {
      "0": {
        "name": "uppercase",
        "decl": {
          "start": {
            "line": 1,
            "column": 9
          },
          "end": {
            "line": 1,
            "column": 18
          }
        },
        "loc": {
          "start": {
            "line": 1,
            "column": 34
          },
          "end": {
            "line": 3,
            "column": 1
          }
        },
        "line": 1
      }
    },
    "branchMap": {},
    "s": {
      "0": 1,
      "1": 1
    },
    "f": {
      "0": 1
    },
    "b": {},
    "_coverageSchema": "1a1c01bbd47fc00a2c39e90264f33305004495a9",
    "hash": "4a036aa7a5a059fdcbc8feee1b7fff6a8e74dce1"
  },
  "C:\\Users\\Aleksi\\Desktop\\inde\\Krugou.github.io\\testaustoteutus\\util.js": {
    "path": "C:\\Users\\Aleksi\\Desktop\\inde\\Krugou.github.io\\testaustoteutus\\util.js",
    "statementMap": {
      "0": {
        "start": {
          "line": 3,
          "column": 4
        },
        "end": {
          "line": 3,
          "column": 26
        }
      },
      "1": {
        "start": {
          "line": 7,
          "column": 4
        },
        "end": {
          "line": 7,
          "column": 30
        }
      }
    },
    "fnMap": {
      "0": {
        "name": "greet",
        "decl": {
          "start": {
            "line": 1,
            "column": 9
          },
          "end": {
            "line": 1,
            "column": 14
          }
        },
        "loc": {
          "start": {
            "line": 1,
            "column": 22
          },
          "end": {
            "line": 5,
            "column": 5
          }
        },
        "line": 1
      }
    },
    "branchMap": {},
    "s": {
      "0": 1,
      "1": 1
    },
    "f": {
      "0": 1
    },
    "b": {},
    "_coverageSchema": "1a1c01bbd47fc00a2c39e90264f33305004495a9",
    "hash": "a4aacb35b94172e2ea6ed5cdd2b526f4c9b47937"
  },
  "C:\\Users\\Aleksi\\Desktop\\inde\\Krugou.github.io\\testaustoteutus\\assert\\assertointi.js": {
    "path": "C:\\Users\\Aleksi\\Desktop\\inde\\Krugou.github.io\\testaustoteutus\\assert\\assertointi.js",
    "statementMap": {
      "0": {
        "start": {
          "line": 2,
          "column": 4
        },
        "end": {
          "line": 7,
          "column": 5
        }
      },
      "1": {
        "start": {
          "line": 3,
          "column": 8
        },
        "end": {
          "line": 3,
          "column": 42
        }
      },
      "2": {
        "start": {
          "line": 6,
          "column": 8
        },
        "end": {
          "line": 6,
          "column": 20
        }
      },
      "3": {
        "start": {
          "line": 9,
          "column": 0
        },
        "end": {
          "line": 9,
          "column": 31
        }
      }
    },
    "fnMap": {
      "0": {
        "name": "merkkijono",
        "decl": {
          "start": {
            "line": 1,
            "column": 9
          },
          "end": {
            "line": 1,
            "column": 19
          }
        },
        "loc": {
          "start": {
            "line": 1,
            "column": 28
          },
          "end": {
            "line": 8,
            "column": 1
          }
        },
        "line": 1
      }
    },
    "branchMap": {
      "0": {
        "loc": {
          "start": {
            "line": 2,
            "column": 4
          },
          "end": {
            "line": 7,
            "column": 5
          }
        },
        "type": "if",
        "locations": [
          {
            "start": {
              "line": 2,
              "column": 4
            },
            "end": {
              "line": 7,
              "column": 5
            }
          },
          {
            "start": {
              "line": 2,
              "column": 4
            },
            "end": {
              "line": 7,
              "column": 5
            }
          }
        ],
        "line": 2
      }
    },
    "s": {
      "0": 2,
      "1": 0,
      "2": 2,
      "3": 1
    },
    "f": {
      "0": 2
    },
    "b": {
      "0": [
        0,
        2
      ]
    },
    "_coverageSchema": "1a1c01bbd47fc00a2c39e90264f33305004495a9",
    "hash": "6fabd14dc9f1dabb0b7895cc1312334f85cff090"
  }
}
