TN:
SF:BankAccount.js
FN:1,getBalance
FNF:1
FNH:1
FNDA:1,getBalance
DA:2,1
DA:3,1
DA:6,0
DA:10,1
LF:4
LH:3
BRDA:2,0,0,1
BRDA:2,0,1,0
BRF:2
BRH:1
end_of_record
TN:
SF:drinkAll.js
FN:1,drinkAll
FNF:1
FNH:1
FNDA:1,drinkAll
DA:2,1
DA:3,1
DA:6,1
LF:3
LH:3
BRDA:2,0,0,1
BRDA:2,0,1,0
BRF:2
BRH:1
end_of_record
TN:
SF:math.js
FN:3,(anonymous_0)
FNF:1
FNH:1
FNDA:2,(anonymous_0)
DA:1,1
DA:5,2
LF:2
LH:2
BRF:0
BRH:0
end_of_record
TN:
SF:totuusarvot.js
FN:1,isEven
FN:10,isOdd
FNF:2
FNH:2
FNDA:2,isEven
FNDA:2,isOdd
DA:2,2
DA:3,2
DA:4,1
DA:7,1
DA:11,2
DA:12,2
DA:13,1
DA:16,1
DA:19,1
LF:9
LH:9
BRDA:3,0,0,1
BRDA:3,0,1,1
BRDA:12,1,0,1
BRDA:12,1,1,1
BRF:4
BRH:4
end_of_record
TN:
SF:triangle.js
FN:1,Triangle
FN:6,(anonymous_1)
FNF:2
FNH:2
FNDA:5,Triangle
FNDA:4,(anonymous_1)
DA:2,5
DA:3,5
DA:4,5
DA:6,1
DA:7,4
DA:9,1
DA:11,3
DA:12,1
DA:14,2
DA:15,1
DA:18,1
DA:21,1
LF:12
LH:12
BRDA:7,0,0,1
BRDA:7,0,1,3
BRDA:7,1,0,4
BRDA:7,1,1,4
BRDA:7,1,2,4
BRDA:11,2,0,1
BRDA:11,2,1,2
BRDA:11,3,0,3
BRDA:11,3,1,1
BRDA:11,3,2,1
BRDA:14,4,0,1
BRDA:14,4,1,1
BRDA:14,5,0,2
BRDA:14,5,1,2
BRF:14
BRH:14
end_of_record
TN:
SF:uppercase.js
FN:1,uppercase
FNF:1
FNH:1
FNDA:1,uppercase
DA:2,1
DA:4,1
LF:2
LH:2
BRF:0
BRH:0
end_of_record
TN:
SF:util.js
FN:1,greet
FNF:1
FNH:1
FNDA:1,greet
DA:3,1
DA:7,1
LF:2
LH:2
BRF:0
BRH:0
end_of_record
TN:
SF:assert\assertointi.js
FN:1,merkkijono
FNF:1
FNH:1
FNDA:2,merkkijono
DA:2,2
DA:3,0
DA:6,2
DA:9,1
LF:4
LH:3
BRDA:2,0,0,0
BRDA:2,0,1,2
BRF:2
BRH:1
end_of_record
